[debug] [2025-07-15T10:15:30.132Z] [Firebase Plugin] Activating Firebase extension.
[debug] [2025-07-15T10:15:30.670Z] [Firebase Plugin] requireAuthWrapper
[debug] [2025-07-15T10:15:30.672Z] > command requires scopes: ["email","openid","https://www.googleapis.com/auth/cloudplatformprojects.readonly","https://www.googleapis.com/auth/firebase","https://www.googleapis.com/auth/cloud-platform"]
[debug] [2025-07-15T10:15:30.672Z] > authorizing via signed-in user (badiuzzaman.majnu@gmail.com)
[debug] [2025-07-15T10:15:30.675Z] Checked if tokens are valid: false, expires at: 1752571462348
[debug] [2025-07-15T10:15:30.675Z] Checked if tokens are valid: false, expires at: 1752571462348
[debug] [2025-07-15T10:15:30.675Z] > refreshing access token with scopes: []
[debug] [2025-07-15T10:15:30.676Z] >>> [apiv2][query] POST https://www.googleapis.com/oauth2/v3/token [none]
[debug] [2025-07-15T10:15:30.676Z] >>> [apiv2][body] POST https://www.googleapis.com/oauth2/v3/token [omitted]
[debug] [2025-07-15T10:15:30.685Z] [Firebase Plugin] VSCode notification server listening on port 40001
[info] [Firebase Plugin] Starting Data Connect toolkit (version 2.8.0) on port 50001
[debug] [2025-07-15T10:15:30.971Z] I0715 16:15:30.958708   30072 control.go:84] [/emulator/studio 22d5] UpdateResources(): done
Schema: sources: schema\schema.gql [2088B] 
Connector "default": sources: connector\mutations.gql [1233B] connector\queries.gql [1802B] 
 {"metadata":{"emulator":{"name":"dataconnect"},"message":"I0715 16:15:30.958708   30072 control.go:84] [/emulator/studio 22d5] UpdateResources(): done\nSchema: sources: schema\\schema.gql [2088B] \nConnector \"default\": sources: connector\\mutations.gql [1233B] connector\\queries.gql [1802B] \n"}}
[debug] [2025-07-15T10:15:30.972Z] Ignoring unsupported arg: auto_download {"metadata":{"emulator":{"name":"dataconnect"},"message":"Ignoring unsupported arg: auto_download"}}
[debug] [2025-07-15T10:15:30.972Z] Ignoring unsupported arg: port {"metadata":{"emulator":{"name":"dataconnect"},"message":"Ignoring unsupported arg: port"}}
[debug] [2025-07-15T10:15:30.972Z] Starting Data Connect Emulator with command {"binary":"C:\\Users\\Administrator\\.cache\\firebase\\emulators\\dataconnect-emulator-2.8.0.exe","args":["--logtostderr","-v=2","dev","--listen=localhost:50001","--config_dir=e:\\App\\DesAInR\\studio\\dataconnect","--enable_output_schema_extensions=true","--enable_output_generated_sdk=true"],"optionalArgs":["listen","config_dir","enable_output_schema_extensions","enable_output_generated_sdk"],"joinArgs":true,"shell":false,"port":9399} {"metadata":{"emulator":{"name":"dataconnect"},"message":"Starting Data Connect Emulator with command {\"binary\":\"C:\\\\Users\\\\Administrator\\\\.cache\\\\firebase\\\\emulators\\\\dataconnect-emulator-2.8.0.exe\",\"args\":[\"--logtostderr\",\"-v=2\",\"dev\",\"--listen=localhost:50001\",\"--config_dir=e:\\\\App\\\\DesAInR\\\\studio\\\\dataconnect\",\"--enable_output_schema_extensions=true\",\"--enable_output_generated_sdk=true\"],\"optionalArgs\":[\"listen\",\"config_dir\",\"enable_output_schema_extensions\",\"enable_output_generated_sdk\"],\"joinArgs\":true,\"shell\":false,\"port\":9399}"}}
[info] i  dataconnect: Data Connect Emulator logging to dataconnect-debug.log {"metadata":{"emulator":{"name":"dataconnect"},"message":"Data Connect Emulator logging to \u001b[1mdataconnect-debug.log\u001b[22m"}}
[debug] [2025-07-15T10:15:31.004Z] I0715 16:15:30.997656     532 load.go:37] Reloading schema and connectors...
 {"metadata":{"emulator":{"name":"dataconnect"},"message":"I0715 16:15:30.997656     532 load.go:37] Reloading schema and connectors...\n"}}
[debug] [2025-07-15T10:15:31.022Z] I0715 16:15:31.018473     532 control.go:84] [/emulator/studio d5f9] UpdateResources(): done
Schema: sources: schema\schema.gql [2088B] 
Connector "default": sources: connector\mutations.gql [1233B] connector\queries.gql [1802B] 
 {"metadata":{"emulator":{"name":"dataconnect"},"message":"I0715 16:15:31.018473     532 control.go:84] [/emulator/studio d5f9] UpdateResources(): done\nSchema: sources: schema\\schema.gql [2088B] \nConnector \"default\": sources: connector\\mutations.gql [1233B] connector\\queries.gql [1802B] \n"}}
[debug] [2025-07-15T10:15:31.040Z] I0715 16:15:31.039532     532 codegen.go:82] [connector "default" javascriptSdk] Generating sources into "e:\\App\\DesAInR\\studio\\dataconnect-generated\\js\\default-connector"
 {"metadata":{"emulator":{"name":"dataconnect"},"message":"I0715 16:15:31.039532     532 codegen.go:82] [connector \"default\" javascriptSdk] Generating sources into \"e:\\\\App\\\\DesAInR\\\\studio\\\\dataconnect-generated\\\\js\\\\default-connector\"\n"}}
[debug] [2025-07-15T10:15:31.141Z] <<< [apiv2][status] POST https://www.googleapis.com/oauth2/v3/token 200
[debug] [2025-07-15T10:15:31.141Z] <<< [apiv2][body] POST https://www.googleapis.com/oauth2/v3/token [omitted]
[debug] [2025-07-15T10:15:31.147Z] [Firebase Plugin] User found:  badiuzzaman.majnu@gmail.com
[info] [Firebase Plugin] (Core:Project) New user detected, fetching projects
[debug] [2025-07-15T10:15:31.148Z] Checked if tokens are valid: true, expires at: 1752578130141
[debug] [2025-07-15T10:15:31.149Z] >>> [apiv2][query] GET https://firebase.googleapis.com/v1beta1/projects pageSize=1000
[debug] [2025-07-15T10:15:31.437Z] I0715 16:15:31.437855     532 collector.go:107] schema extensions wrote into "e:\\App\\DesAInR\\studio\\dataconnect\\.dataconnect\\schema"
Generated sources: prelude.gql [71203B] 
 {"metadata":{"emulator":{"name":"dataconnect"},"message":"I0715 16:15:31.437855     532 collector.go:107] schema extensions wrote into \"e:\\\\App\\\\DesAInR\\\\studio\\\\dataconnect\\\\.dataconnect\\\\schema\"\nGenerated sources: prelude.gql [71203B] \n"}}
[debug] [2025-07-15T10:15:31.440Z] I0715 16:15:31.440002     532 collector.go:107] connector "default" javascriptSdk wrote into "e:\\App\\DesAInR\\studio\\dataconnect-generated\\js\\default-connector"
Generated sources: index.d.ts [246B] esm\index.esm.js [109B] esm\package.json [17B] README.md [2896B] react\package.json [468B] react\esm\package.json [17B] react\index.cjs.js [0B] index.cjs.js [144B] package.json [860B] react\index.d.ts [228B] react\esm\index.esm.js [0B] react\README.md [5474B] 
 {"metadata":{"emulator":{"name":"dataconnect"},"message":"I0715 16:15:31.440002     532 collector.go:107] connector \"default\" javascriptSdk wrote into \"e:\\\\App\\\\DesAInR\\\\studio\\\\dataconnect-generated\\\\js\\\\default-connector\"\nGenerated sources: index.d.ts [246B] esm\\index.esm.js [109B] esm\\package.json [17B] README.md [2896B] react\\package.json [468B] react\\esm\\package.json [17B] react\\index.cjs.js [0B] index.cjs.js [144B] package.json [860B] react\\index.d.ts [228B] react\\esm\\index.esm.js [0B] react\\README.md [5474B] \n"}}
[debug] [2025-07-15T10:15:31.442Z] I0715 16:15:31.442643     532 installsdk.go:55] Package @firebasegen/default-connector is already installed. Skipping installation
I0715 16:15:31.442643     532 load.go:115] Finished reloading
 {"metadata":{"emulator":{"name":"dataconnect"},"message":"I0715 16:15:31.442643     532 installsdk.go:55] Package @firebasegen/default-connector is already installed. Skipping installation\nI0715 16:15:31.442643     532 load.go:115] Finished reloading\n"}}
[debug] [2025-07-15T10:15:31.449Z] I0715 16:15:31.449432     532 dev.go:95] Listening on address (HTTP + gRPC): 127.0.0.1:50001
 {"metadata":{"emulator":{"name":"dataconnect"},"message":"I0715 16:15:31.449432     532 dev.go:95] Listening on address (HTTP + gRPC): 127.0.0.1:50001\n"}}
[debug] [2025-07-15T10:15:31.621Z] I0715 16:15:31.621489     532 engine.go:170] [/emulator/studio d5f9] ExecuteGraphqlRead IntrospectionQuery: succeeded. 
 {"metadata":{"emulator":{"name":"dataconnect"},"message":"I0715 16:15:31.621489     532 engine.go:170] [/emulator/studio d5f9] ExecuteGraphqlRead IntrospectionQuery: succeeded. \n"}}
[debug] [2025-07-15T10:15:31.847Z] <<< [apiv2][status] GET https://firebase.googleapis.com/v1beta1/projects 200
[debug] [2025-07-15T10:15:31.847Z] <<< [apiv2][body] GET https://firebase.googleapis.com/v1beta1/projects [omitted]
